-------------------------------------------------------------------------------
Test set: Runner.TestRunner
-------------------------------------------------------------------------------
Tests run: 1, Failures: 0, Errors: 1, Skipped: 0, Time elapsed: 0.061 s <<< FAILURE! - in Runner.TestRunner
initializationError(Runner.TestRunner)  Time elapsed: 0.005 s  <<< ERROR!
java.lang.Exception: The class Runner.TestRunner is not public.

