<?xml version="1.0" encoding="UTF-8"?>
<testsuite xmlns:xsi="http://www.w3.org/2001/XMLSchema-instance" xsi:noNamespaceSchemaLocation="https://maven.apache.org/surefire/maven-surefire-plugin/xsd/surefire-test-report.xsd" name="Runner.TestRunner" time="0.061" tests="1" errors="1" skipped="0" failures="0">
  <properties>
[...]
</properties>
  <testcase name="initializationError" classname="Runner.TestRunner" time="0.005">
    <error message="The class Runner.TestRunner is not public." type="java.lang.Exception">java.lang.Exception: The class Runner.TestRunner is not public.
</error>
  </testcase>
</testsuite>